Using pre-set license
Built from '2021.3/staging' branch; Version is '2021.3.16f1 (4016570cf34f) revision 4200023'; Using compiler version '192829333'; Build Type 'Release'
OS: 'Windows 10  (10.0.19045) 64bit Core' Language: 'en' Physical Memory: 16106 MB
BatchMode: 1, IsHumanControllingUs: 0, StartBugReporterOnCrash: 0, Is64bit: 1, IsPro: 1

COMMAND LINE ARGUMENTS:
C:\Program Files\Unity\Hub\Editor\2021.3.16f1\Editor\Unity.exe
-adb2
-batchMode
-noUpm
-name
AssetImportWorker0
-projectPath
C:/Users/ASUS/Desktop/Unity/3DMATnew
-logFile
Logs/AssetImportWorker0.log
-srvPort
57344
Successfully changed project path to: C:/Users/ASUS/Desktop/Unity/3DMATnew
C:/Users/ASUS/Desktop/Unity/3DMATnew
[UnityMemory] Configuration Parameters - Can be set up in boot.config
    "memorysetup-bucket-allocator-granularity=16"
    "memorysetup-bucket-allocator-bucket-count=8"
    "memorysetup-bucket-allocator-block-size=33554432"
    "memorysetup-bucket-allocator-block-count=8"
    "memorysetup-main-allocator-block-size=16777216"
    "memorysetup-thread-allocator-block-size=16777216"
    "memorysetup-gfx-main-allocator-block-size=16777216"
    "memorysetup-gfx-thread-allocator-block-size=16777216"
    "memorysetup-cache-allocator-block-size=4194304"
    "memorysetup-typetree-allocator-block-size=2097152"
    "memorysetup-profiler-bucket-allocator-granularity=16"
    "memorysetup-profiler-bucket-allocator-bucket-count=8"
    "memorysetup-profiler-bucket-allocator-block-size=33554432"
    "memorysetup-profiler-bucket-allocator-block-count=8"
    "memorysetup-profiler-allocator-block-size=16777216"
    "memorysetup-profiler-editor-allocator-block-size=1048576"
    "memorysetup-temp-allocator-size-main=16777216"
    "memorysetup-job-temp-allocator-block-size=2097152"
    "memorysetup-job-temp-allocator-block-size-background=1048576"
    "memorysetup-job-temp-allocator-reduction-small-platforms=262144"
    "memorysetup-temp-allocator-size-background-worker=32768"
    "memorysetup-temp-allocator-size-job-worker=262144"
    "memorysetup-temp-allocator-size-preload-manager=33554432"
    "memorysetup-temp-allocator-size-nav-mesh-worker=65536"
    "memorysetup-temp-allocator-size-audio-worker=65536"
    "memorysetup-temp-allocator-size-cloud-worker=32768"
    "memorysetup-temp-allocator-size-gi-baking-worker=262144"
    "memorysetup-temp-allocator-size-gfx=262144"
Player connection [6164] Host "[IP] 192.168.56.1 [Port] 0 [Flags] 2 [Guid] 3657766026 [EditorId] 3657766026 [Version] 1048832 [Id] WindowsEditor(7,DESKTOP-2P138K1) [Debug] 1 [PackageName] WindowsEditor [ProjectName] Editor" joined multi-casting on [225.0.0.222:54997]...

Player connection [6164] Host "[IP] 192.168.56.1 [Port] 0 [Flags] 2 [Guid] 3657766026 [EditorId] 3657766026 [Version] 1048832 [Id] WindowsEditor(7,DESKTOP-2P138K1) [Debug] 1 [PackageName] WindowsEditor [ProjectName] Editor" joined alternative multi-casting on [225.0.0.222:34997]...

Refreshing native plugins compatible for Editor in 66.44 ms, found 3 plugins.
Preloading 0 native plugins for Editor in 0.00 ms.
Initialize engine version: 2021.3.16f1 (4016570cf34f)
[Subsystems] Discovering subsystems at path C:/Program Files/Unity/Hub/Editor/2021.3.16f1/Editor/Data/Resources/UnitySubsystems
[Subsystems] Discovering subsystems at path C:/Users/ASUS/Desktop/Unity/3DMATnew/Assets
GfxDevice: creating device client; threaded=0; jobified=0
Direct3D:
    Version:  Direct3D 11.0 [level 11.1]
    Renderer: NVIDIA GeForce RTX 3050 Ti Laptop GPU (ID=0x25a0)
    Vendor:   NVIDIA
    VRAM:     3977 MB
    Driver:   31.0.15.4633
Initialize mono
Mono path[0] = 'C:/Program Files/Unity/Hub/Editor/2021.3.16f1/Editor/Data/Managed'
Mono path[1] = 'C:/Program Files/Unity/Hub/Editor/2021.3.16f1/Editor/Data/MonoBleedingEdge/lib/mono/unityjit-win32'
Mono config path = 'C:/Program Files/Unity/Hub/Editor/2021.3.16f1/Editor/Data/MonoBleedingEdge/etc'
Using monoOptions --debugger-agent=transport=dt_socket,embedding=1,server=y,suspend=n,address=127.0.0.1:56404
Begin MonoManager ReloadAssembly
Registering precompiled unity dll's ...
Register platform support module: C:/Program Files/Unity/Hub/Editor/2021.3.16f1/Editor/Data/PlaybackEngines/WindowsStandaloneSupport/UnityEditor.WindowsStandalone.Extensions.dll
Registered in 0.004911 seconds.
Native extension for WindowsStandalone target not found
Refreshing native plugins compatible for Editor in 67.61 ms, found 3 plugins.
Preloading 0 native plugins for Editor in 0.00 ms.
Mono: successfully reloaded assembly
- Completed reload, in  0.537 seconds
Domain Reload Profiling:
	ReloadAssembly (537ms)
		BeginReloadAssembly (60ms)
			ExecutionOrderSort (0ms)
			DisableScriptedObjects (0ms)
			BackupInstance (0ms)
			ReleaseScriptingObjects (0ms)
			CreateAndSetChildDomain (1ms)
		EndReloadAssembly (383ms)
			LoadAssemblies (58ms)
			RebuildTransferFunctionScriptingTraits (0ms)
			SetupTypeCache (93ms)
			ReleaseScriptCaches (0ms)
			RebuildScriptCaches (24ms)
			SetupLoadedEditorAssemblies (225ms)
				LogAssemblyErrors (0ms)
				InitializePlatformSupportModulesInManaged (7ms)
				SetLoadedEditorAssemblies (0ms)
				RefreshPlugins (68ms)
				BeforeProcessingInitializeOnLoad (1ms)
				ProcessInitializeOnLoadAttributes (108ms)
				ProcessInitializeOnLoadMethodAttributes (40ms)
				AfterProcessingInitializeOnLoad (0ms)
				EditorAssembliesLoaded (0ms)
			ExecutionOrderSort2 (0ms)
			AwakeInstancesAfterBackupRestoration (0ms)
Platform modules already initialized, skipping
Registering precompiled user dll's ...
Registered in 0.003775 seconds.
Begin MonoManager ReloadAssembly
Symbol file LoadedFromMemory doesn't match image C:\Users\ASUS\Desktop\Unity\3DMATnew\Library\PackageCache\com.unity.visualscripting@1.7.8\Editor\VisualScripting.Core\Dependencies\YamlDotNet\Unity.VisualScripting.YamlDotNet.dll
Symbol file LoadedFromMemory doesn't match image C:\Users\ASUS\Desktop\Unity\3DMATnew\Library\PackageCache\com.unity.visualscripting@1.7.8\Editor\VisualScripting.Core\Dependencies\DotNetZip\Unity.VisualScripting.IonicZip.dll
Native extension for WindowsStandalone target not found
Refreshing native plugins compatible for Editor in 0.52 ms, found 3 plugins.
Preloading 0 native plugins for Editor in 0.00 ms.
Mono: successfully reloaded assembly
- Completed reload, in  0.837 seconds
Domain Reload Profiling:
	ReloadAssembly (838ms)
		BeginReloadAssembly (90ms)
			ExecutionOrderSort (0ms)
			DisableScriptedObjects (4ms)
			BackupInstance (0ms)
			ReleaseScriptingObjects (0ms)
			CreateAndSetChildDomain (18ms)
		EndReloadAssembly (651ms)
			LoadAssemblies (61ms)
			RebuildTransferFunctionScriptingTraits (0ms)
			SetupTypeCache (215ms)
			ReleaseScriptCaches (1ms)
			RebuildScriptCaches (44ms)
			SetupLoadedEditorAssemblies (299ms)
				LogAssemblyErrors (0ms)
				InitializePlatformSupportModulesInManaged (4ms)
				SetLoadedEditorAssemblies (0ms)
				RefreshPlugins (1ms)
				BeforeProcessingInitializeOnLoad (66ms)
				ProcessInitializeOnLoadAttributes (202ms)
				ProcessInitializeOnLoadMethodAttributes (21ms)
				AfterProcessingInitializeOnLoad (5ms)
				EditorAssembliesLoaded (0ms)
			ExecutionOrderSort2 (0ms)
			AwakeInstancesAfterBackupRestoration (4ms)
Platform modules already initialized, skipping
========================================================================
Worker process is ready to serve import requests
Launched and connected shader compiler UnityShaderCompiler.exe after 0.04 seconds
Refreshing native plugins compatible for Editor in 0.84 ms, found 3 plugins.
Preloading 0 native plugins for Editor in 0.00 ms.
Unloading 3361 Unused Serialized files (Serialized files now loaded: 0)
Unloading 27 unused Assets / (113.7 KB). Loaded Objects now: 3818.
Memory consumption went from 115.6 MB to 115.5 MB.
Total: 4.004300 ms (FindLiveObjects: 0.517300 ms CreateObjectMapping: 0.284200 ms MarkObjects: 3.031100 ms  DeleteObjects: 0.170700 ms)

AssetImportParameters requested are different than current active one (requested -> active):
  custom:video-decoder-ogg-theora: a1e56fd34408186e4bbccfd4996cb3dc -> 
  custom:container-muxer-webm: aa71ff27fc2769a1b78a27578f13a17b -> 
  custom:container-demuxer-webm: 4f35f7cbe854078d1ac9338744f61a02 -> 
  custom:video-encoder-webm-vp8: eb34c28f22e8b96e1ab97ce403110664 -> 
  custom:audio-encoder-webm-vorbis: bf7c407c2cedff20999df2af8eb42d56 -> 
  custom:framework-win-MediaFoundation: 216162199b28c13a410421893ffa2e32 -> 
  custom:container-demuxer-ogg: 62fdf1f143b41e24485cea50d1cbac27 -> 
  custom:video-decoder-webm-vp8: 9c59270c3fd7afecdb556c50c9e8de78 -> 
  custom:audio-decoder-ogg-vorbis: bf7c407c2cedff20999df2af8eb42d56 -> 
========================================================================
Received Import Request.
  Time since last request: 1096956.434641 seconds.
  path: Assets
  artifactKey: Guid(00000000000000001000000000000000) Importer(815301076,1909f56bfc062723c751e8b465ee728b)
Start importing Assets using Guid(00000000000000001000000000000000) Importer(815301076,1909f56bfc062723c751e8b465ee728b)  -> (artifact id: '79842766b460edbeab6a34051e857a80') in 0.018005 seconds 
========================================================================
Received Import Request.
  Time since last request: 7.245579 seconds.
  path: Assets/doghouse
  artifactKey: Guid(e77256bc342741c4f99c5b2fab288e4e) Importer(815301076,1909f56bfc062723c751e8b465ee728b)
Start importing Assets/doghouse using Guid(e77256bc342741c4f99c5b2fab288e4e) Importer(815301076,1909f56bfc062723c751e8b465ee728b)  -> (artifact id: 'bf15a49c987757d1024ed73bc988d42e') in 0.001936 seconds 
========================================================================
Received Import Request.
  Time since last request: 14.138163 seconds.
  path: Assets/doghouse/doghouse.fbx
  artifactKey: Guid(131bd2021a8b17e41918395c0ff26c41) Importer(815301076,1909f56bfc062723c751e8b465ee728b)
Start importing Assets/doghouse/doghouse.fbx using Guid(131bd2021a8b17e41918395c0ff26c41) Importer(815301076,1909f56bfc062723c751e8b465ee728b)  -> (artifact id: '363bd42a2720704c541473a7d444c7d1') in 0.269497 seconds 
========================================================================
Received Import Request.
  Time since last request: 235.335305 seconds.
  path: Assets/doghouse/Untitled.006.png
  artifactKey: Guid(ee4b0aaabb924df46a3bb58ca7673985) Importer(815301076,1909f56bfc062723c751e8b465ee728b)
Start importing Assets/doghouse/Untitled.006.png using Guid(ee4b0aaabb924df46a3bb58ca7673985) Importer(815301076,1909f56bfc062723c751e8b465ee728b)  -> (artifact id: '5c6c16c6a4f698e63f2b92ca906d4841') in 0.024753 seconds 
========================================================================
Received Import Request.
  Time since last request: 3.085671 seconds.
  path: Assets/doghouse/Untitled.005.png
  artifactKey: Guid(59824c6f96f39794d9d9a4e97a83019a) Importer(815301076,1909f56bfc062723c751e8b465ee728b)
Start importing Assets/doghouse/Untitled.005.png using Guid(59824c6f96f39794d9d9a4e97a83019a) Importer(815301076,1909f56bfc062723c751e8b465ee728b)  -> (artifact id: 'f51341468d5bd1c1887509ee30e85649') in 0.012771 seconds 
========================================================================
Received Import Request.
  Time since last request: 165.174757 seconds.
  path: Assets/doghouse/Untitled.004.png
  artifactKey: Guid(ed81884ac2adf78448ce9a6a8ed75ce7) Importer(815301076,1909f56bfc062723c751e8b465ee728b)
Start importing Assets/doghouse/Untitled.004.png using Guid(ed81884ac2adf78448ce9a6a8ed75ce7) Importer(815301076,1909f56bfc062723c751e8b465ee728b)  -> (artifact id: '167265a48e3c55a2455eea6cdbc38acd') in 0.013636 seconds 
========================================================================
Received Import Request.
  Time since last request: 13.764097 seconds.
  path: Assets/doghouse/Materials
  artifactKey: Guid(2a5600a3f05e8b446a44acfae98d508a) Importer(815301076,1909f56bfc062723c751e8b465ee728b)
Start importing Assets/doghouse/Materials using Guid(2a5600a3f05e8b446a44acfae98d508a) Importer(815301076,1909f56bfc062723c751e8b465ee728b)  -> (artifact id: '1ff91164d7916f477cd27af115da2c6f') in 0.008914 seconds 
========================================================================
Received Import Request.
  Time since last request: 0.508011 seconds.
  path: Assets/doghouse/Materials/Untitled.004.mat
  artifactKey: Guid(208dd760d11151b41b84e5bec15aa160) Importer(815301076,1909f56bfc062723c751e8b465ee728b)
Start importing Assets/doghouse/Materials/Untitled.004.mat using Guid(208dd760d11151b41b84e5bec15aa160) Importer(815301076,1909f56bfc062723c751e8b465ee728b)  -> (artifact id: '2b39e90cd0fc01981c71dd4c9fa3f98c') in 0.016409 seconds 
========================================================================
Received Import Request.
  Time since last request: 12.475190 seconds.
  path: Assets/doghouse/Materials/Untitled.006.mat
  artifactKey: Guid(06186f103eac8e641bdc7a316b249b1b) Importer(815301076,1909f56bfc062723c751e8b465ee728b)
Start importing Assets/doghouse/Materials/Untitled.006.mat using Guid(06186f103eac8e641bdc7a316b249b1b) Importer(815301076,1909f56bfc062723c751e8b465ee728b)  -> (artifact id: '648ed3656976c5ac88f33a1642817938') in 0.012585 seconds 
========================================================================
Received Import Request.
  Time since last request: 30.367031 seconds.
  path: Assets/doghouse/Untitled.003.png
  artifactKey: Guid(f3b4b0f0ae890b041bbabc6f62cd3617) Importer(815301076,1909f56bfc062723c751e8b465ee728b)
Start importing Assets/doghouse/Untitled.003.png using Guid(f3b4b0f0ae890b041bbabc6f62cd3617) Importer(815301076,1909f56bfc062723c751e8b465ee728b)  -> (artifact id: 'd74ac606eb9be31e6fc06f75f6f448f8') in 0.013726 seconds 
========================================================================
Received Import Request.
  Time since last request: 1.872558 seconds.
  path: Assets/doghouse/Untitled.002.png
  artifactKey: Guid(e7ea9abe25423384b8bf839793468433) Importer(815301076,1909f56bfc062723c751e8b465ee728b)
Start importing Assets/doghouse/Untitled.002.png using Guid(e7ea9abe25423384b8bf839793468433) Importer(815301076,1909f56bfc062723c751e8b465ee728b)  -> (artifact id: 'f126eb09bdd501fdb4f622b535e0a4c4') in 0.013099 seconds 
========================================================================
Received Import Request.
  Time since last request: 1.825023 seconds.
  path: Assets/doghouse/Untitled.001.png
  artifactKey: Guid(d243c4507ed5d0d488e82aee5371a47a) Importer(815301076,1909f56bfc062723c751e8b465ee728b)
Start importing Assets/doghouse/Untitled.001.png using Guid(d243c4507ed5d0d488e82aee5371a47a) Importer(815301076,1909f56bfc062723c751e8b465ee728b)  -> (artifact id: '3cb875ae8485043a175564237cc31b5c') in 0.013447 seconds 
